debug 2023/04/09 02:41:30 03637bad19d32eee8427a00f943e28cf7c95f125e6ea339abfbd4c922963432d
debug 2023/04/09 02:41:30 03637bad19d32eee8427a00f943e28cf7c95f125e6ea339abfbd4c922963432d
debug 2023/04/09 02:41:30 03637bad19d32eee8427a00f943e28cf7c95f125e6ea339abfbd4c922963432d
debug 2023/04/09 02:41:30 03637bad19d32eee8427a00f943e28cf7c95f125e6ea339abfbd4c922963432d
debug 2023/04/09 02:41:31 03637bad19d32eee8427a00f943e28cf7c95f125e6ea339abfbd4c922963432d
debug 2023/04/09 02:41:31 03637bad19d32eee8427a00f943e28cf7c95f125e6ea339abfbd4c922963432d
debug 2023/04/09 02:41:31 03637bad19d32eee8427a00f943e28cf7c95f125e6ea339abfbd4c922963432d
debug 2023/04/09 02:41:31 03637bad19d32eee8427a00f943e28cf7c95f125e6ea339abfbd4c922963432d
debug 2023/04/09 02:41:31 03637bad19d32eee8427a00f943e28cf7c95f125e6ea339abfbd4c922963432d
debug 2023/04/09 02:41:31 03637bad19d32eee8427a00f943e28cf7c95f125e6ea339abfbd4c922963432d
debug 2023/04/09 02:41:31 03637bad19d32eee8427a00f943e28cf7c95f125e6ea339abfbd4c922963432d
debug 2023/04/09 02:41:31 03637bad19d32eee8427a00f943e28cf7c95f125e6ea339abfbd4c922963432d
debug 2023/04/09 02:41:31 03637bad19d32eee8427a00f943e28cf7c95f125e6ea339abfbd4c922963432d
debug 2023/04/09 02:41:31 03637bad19d32eee8427a00f943e28cf7c95f125e6ea339abfbd4c922963432d
debug 2023/04/09 02:41:31 03637bad19d32eee8427a00f943e28cf7c95f125e6ea339abfbd4c922963432d
debug 2023/04/09 02:41:31 03637bad19d32eee8427a00f943e28cf7c95f125e6ea339abfbd4c922963432d
debug 2023/04/09 02:41:31 03637bad19d32eee8427a00f943e28cf7c95f125e6ea339abfbd4c922963432d
debug 2023/04/09 02:41:31 03637bad19d32eee8427a00f943e28cf7c95f125e6ea339abfbd4c922963432d
debug 2023/04/09 02:41:31 03637bad19d32eee8427a00f943e28cf7c95f125e6ea339abfbd4c922963432d
debug 2023/04/09 02:41:31 03637bad19d32eee8427a00f943e28cf7c95f125e6ea339abfbd4c922963432d
debug 2023/04/09 02:41:31 03637bad19d32eee8427a00f943e28cf7c95f125e6ea339abfbd4c922963432d
debug 2023/04/09 02:41:31 03637bad19d32eee8427a00f943e28cf7c95f125e6ea339abfbd4c922963432d
debug 2023/04/09 02:41:31 03637bad19d32eee8427a00f943e28cf7c95f125e6ea339abfbd4c922963432d
debug 2023/04/09 02:41:31 03637bad19d32eee8427a00f943e28cf7c95f125e6ea339abfbd4c922963432d
debug 2023/04/09 02:41:31 03637bad19d32eee8427a00f943e28cf7c95f125e6ea339abfbd4c922963432d
debug 2023/04/09 02:41:31 03637bad19d32eee8427a00f943e28cf7c95f125e6ea339abfbd4c922963432d
debug 2023/04/09 02:41:31 03637bad19d32eee8427a00f943e28cf7c95f125e6ea339abfbd4c922963432d
debug 2023/04/09 02:41:31 03637bad19d32eee8427a00f943e28cf7c95f125e6ea339abfbd4c922963432d
debug 2023/04/09 02:41:31 03637bad19d32eee8427a00f943e28cf7c95f125e6ea339abfbd4c922963432d
debug 2023/04/09 02:41:31 03637bad19d32eee8427a00f943e28cf7c95f125e6ea339abfbd4c922963432d
debug 2023/04/09 02:41:31 03637bad19d32eee8427a00f943e28cf7c95f125e6ea339abfbd4c922963432d
debug 2023/04/09 02:41:31 03637bad19d32eee8427a00f943e28cf7c95f125e6ea339abfbd4c922963432d
debug 2023/04/09 02:41:32 03637bad19d32eee8427a00f943e28cf7c95f125e6ea339abfbd4c922963432d
debug 2023/04/09 02:41:32 03637bad19d32eee8427a00f943e28cf7c95f125e6ea339abfbd4c922963432d
debug 2023/04/09 02:41:32 03637bad19d32eee8427a00f943e28cf7c95f125e6ea339abfbd4c922963432d
debug 2023/04/09 02:41:32 03637bad19d32eee8427a00f943e28cf7c95f125e6ea339abfbd4c922963432d
debug 2023/04/09 02:41:32 03637bad19d32eee8427a00f943e28cf7c95f125e6ea339abfbd4c922963432d
debug 2023/04/09 02:41:32 03637bad19d32eee8427a00f943e28cf7c95f125e6ea339abfbd4c922963432d
debug 2023/04/09 02:41:32 03637bad19d32eee8427a00f943e28cf7c95f125e6ea339abfbd4c922963432d
debug 2023/04/09 02:41:32 03637bad19d32eee8427a00f943e28cf7c95f125e6ea339abfbd4c922963432d
debug 2023/04/09 02:41:32 03637bad19d32eee8427a00f943e28cf7c95f125e6ea339abfbd4c922963432d
debug 2023/04/09 02:41:32 03637bad19d32eee8427a00f943e28cf7c95f125e6ea339abfbd4c922963432d
debug 2023/04/09 02:41:32 03637bad19d32eee8427a00f943e28cf7c95f125e6ea339abfbd4c922963432d
debug 2023/04/09 02:41:32 03637bad19d32eee8427a00f943e28cf7c95f125e6ea339abfbd4c922963432d
debug 2023/04/09 02:41:32 03637bad19d32eee8427a00f943e28cf7c95f125e6ea339abfbd4c922963432d
debug 2023/04/09 02:41:32 03637bad19d32eee8427a00f943e28cf7c95f125e6ea339abfbd4c922963432d
debug 2023/04/09 02:41:32 03637bad19d32eee8427a00f943e28cf7c95f125e6ea339abfbd4c922963432d
debug 2023/04/09 02:41:32 03637bad19d32eee8427a00f943e28cf7c95f125e6ea339abfbd4c922963432d
debug 2023/04/09 02:41:32 03637bad19d32eee8427a00f943e28cf7c95f125e6ea339abfbd4c922963432d
debug 2023/04/09 02:41:32 03637bad19d32eee8427a00f943e28cf7c95f125e6ea339abfbd4c922963432d
debug 2023/04/09 02:41:32 03637bad19d32eee8427a00f943e28cf7c95f125e6ea339abfbd4c922963432d
debug 2023/04/09 02:41:32 03637bad19d32eee8427a00f943e28cf7c95f125e6ea339abfbd4c922963432d
debug 2023/04/09 02:41:32 03637bad19d32eee8427a00f943e28cf7c95f125e6ea339abfbd4c922963432d
debug 2023/04/09 02:41:32 03637bad19d32eee8427a00f943e28cf7c95f125e6ea339abfbd4c922963432d
debug 2023/04/09 02:41:32 03637bad19d32eee8427a00f943e28cf7c95f125e6ea339abfbd4c922963432d
debug 2023/04/09 02:41:32 03637bad19d32eee8427a00f943e28cf7c95f125e6ea339abfbd4c922963432d
debug 2023/04/09 02:41:32 03637bad19d32eee8427a00f943e28cf7c95f125e6ea339abfbd4c922963432d
debug 2023/04/09 02:41:32 03637bad19d32eee8427a00f943e28cf7c95f125e6ea339abfbd4c922963432d
debug 2023/04/09 02:41:32 03637bad19d32eee8427a00f943e28cf7c95f125e6ea339abfbd4c922963432d
debug 2023/04/09 02:41:32 03637bad19d32eee8427a00f943e28cf7c95f125e6ea339abfbd4c922963432d
debug 2023/04/09 02:41:33 03637bad19d32eee8427a00f943e28cf7c95f125e6ea339abfbd4c922963432d
debug 2023/04/09 02:41:33 03637bad19d32eee8427a00f943e28cf7c95f125e6ea339abfbd4c922963432d
debug 2023/04/09 02:41:33 03637bad19d32eee8427a00f943e28cf7c95f125e6ea339abfbd4c922963432d
debug 2023/04/09 02:41:33 03637bad19d32eee8427a00f943e28cf7c95f125e6ea339abfbd4c922963432d
debug 2023/04/09 02:41:33 03637bad19d32eee8427a00f943e28cf7c95f125e6ea339abfbd4c922963432d
debug 2023/04/09 02:41:33 03637bad19d32eee8427a00f943e28cf7c95f125e6ea339abfbd4c922963432d
debug 2023/04/09 02:41:33 03637bad19d32eee8427a00f943e28cf7c95f125e6ea339abfbd4c922963432d
debug 2023/04/09 02:41:33 03637bad19d32eee8427a00f943e28cf7c95f125e6ea339abfbd4c922963432d
debug 2023/04/09 02:41:33 03637bad19d32eee8427a00f943e28cf7c95f125e6ea339abfbd4c922963432d
debug 2023/04/09 02:41:33 03637bad19d32eee8427a00f943e28cf7c95f125e6ea339abfbd4c922963432d
debug 2023/04/09 02:41:33 03637bad19d32eee8427a00f943e28cf7c95f125e6ea339abfbd4c922963432d
debug 2023/04/09 02:41:33 03637bad19d32eee8427a00f943e28cf7c95f125e6ea339abfbd4c922963432d
debug 2023/04/09 02:41:33 03637bad19d32eee8427a00f943e28cf7c95f125e6ea339abfbd4c922963432d
debug 2023/04/09 02:41:33 03637bad19d32eee8427a00f943e28cf7c95f125e6ea339abfbd4c922963432d
debug 2023/04/09 02:41:33 03637bad19d32eee8427a00f943e28cf7c95f125e6ea339abfbd4c922963432d
debug 2023/04/09 02:41:33 03637bad19d32eee8427a00f943e28cf7c95f125e6ea339abfbd4c922963432d
debug 2023/04/09 02:41:33 03637bad19d32eee8427a00f943e28cf7c95f125e6ea339abfbd4c922963432d
debug 2023/04/09 02:41:33 03637bad19d32eee8427a00f943e28cf7c95f125e6ea339abfbd4c922963432d
debug 2023/04/09 02:41:33 03637bad19d32eee8427a00f943e28cf7c95f125e6ea339abfbd4c922963432d
debug 2023/04/09 02:41:33 03637bad19d32eee8427a00f943e28cf7c95f125e6ea339abfbd4c922963432d
debug 2023/04/09 02:41:33 03637bad19d32eee8427a00f943e28cf7c95f125e6ea339abfbd4c922963432d
debug 2023/04/09 02:41:33 03637bad19d32eee8427a00f943e28cf7c95f125e6ea339abfbd4c922963432d
debug 2023/04/09 02:41:33 03637bad19d32eee8427a00f943e28cf7c95f125e6ea339abfbd4c922963432d
debug 2023/04/09 02:41:33 03637bad19d32eee8427a00f943e28cf7c95f125e6ea339abfbd4c922963432d
debug 2023/04/09 02:41:33 03637bad19d32eee8427a00f943e28cf7c95f125e6ea339abfbd4c922963432d
debug 2023/04/09 02:41:33 03637bad19d32eee8427a00f943e28cf7c95f125e6ea339abfbd4c922963432d
debug 2023/04/09 02:41:33 03637bad19d32eee8427a00f943e28cf7c95f125e6ea339abfbd4c922963432d
debug 2023/04/09 02:41:33 03637bad19d32eee8427a00f943e28cf7c95f125e6ea339abfbd4c922963432d
debug 2023/04/09 02:41:34 03637bad19d32eee8427a00f943e28cf7c95f125e6ea339abfbd4c922963432d
debug 2023/04/09 02:41:34 03637bad19d32eee8427a00f943e28cf7c95f125e6ea339abfbd4c922963432d
debug 2023/04/09 02:41:34 03637bad19d32eee8427a00f943e28cf7c95f125e6ea339abfbd4c922963432d
debug 2023/04/09 02:41:34 03637bad19d32eee8427a00f943e28cf7c95f125e6ea339abfbd4c922963432d
debug 2023/04/09 02:41:34 03637bad19d32eee8427a00f943e28cf7c95f125e6ea339abfbd4c922963432d
debug 2023/04/09 02:41:34 03637bad19d32eee8427a00f943e28cf7c95f125e6ea339abfbd4c922963432d
debug 2023/04/09 02:41:34 03637bad19d32eee8427a00f943e28cf7c95f125e6ea339abfbd4c922963432d
debug 2023/04/09 02:41:34 03637bad19d32eee8427a00f943e28cf7c95f125e6ea339abfbd4c922963432d
debug 2023/04/09 02:41:34 03637bad19d32eee8427a00f943e28cf7c95f125e6ea339abfbd4c922963432d
debug 2023/04/09 02:41:34 03637bad19d32eee8427a00f943e28cf7c95f125e6ea339abfbd4c922963432d
debug 2023/04/09 02:41:34 03637bad19d32eee8427a00f943e28cf7c95f125e6ea339abfbd4c922963432d
debug 2023/04/09 02:41:34 03637bad19d32eee8427a00f943e28cf7c95f125e6ea339abfbd4c922963432d
debug 2023/04/09 02:41:34 03637bad19d32eee8427a00f943e28cf7c95f125e6ea339abfbd4c922963432d
debug 2023/04/09 02:41:34 03637bad19d32eee8427a00f943e28cf7c95f125e6ea339abfbd4c922963432d
debug 2023/04/09 02:41:34 03637bad19d32eee8427a00f943e28cf7c95f125e6ea339abfbd4c922963432d
debug 2023/04/09 02:41:34 03637bad19d32eee8427a00f943e28cf7c95f125e6ea339abfbd4c922963432d
debug 2023/04/09 02:41:34 03637bad19d32eee8427a00f943e28cf7c95f125e6ea339abfbd4c922963432d
debug 2023/04/09 02:41:34 03637bad19d32eee8427a00f943e28cf7c95f125e6ea339abfbd4c922963432d
debug 2023/04/09 02:41:34 03637bad19d32eee8427a00f943e28cf7c95f125e6ea339abfbd4c922963432d
debug 2023/04/09 02:41:34 03637bad19d32eee8427a00f943e28cf7c95f125e6ea339abfbd4c922963432d
debug 2023/04/09 02:41:34 03637bad19d32eee8427a00f943e28cf7c95f125e6ea339abfbd4c922963432d
debug 2023/04/09 02:41:34 03637bad19d32eee8427a00f943e28cf7c95f125e6ea339abfbd4c922963432d
debug 2023/04/09 02:41:34 03637bad19d32eee8427a00f943e28cf7c95f125e6ea339abfbd4c922963432d
debug 2023/04/09 02:41:34 03637bad19d32eee8427a00f943e28cf7c95f125e6ea339abfbd4c922963432d
debug 2023/04/09 02:41:34 03637bad19d32eee8427a00f943e28cf7c95f125e6ea339abfbd4c922963432d
debug 2023/04/09 02:41:34 03637bad19d32eee8427a00f943e28cf7c95f125e6ea339abfbd4c922963432d
debug 2023/04/09 02:41:34 03637bad19d32eee8427a00f943e28cf7c95f125e6ea339abfbd4c922963432d
debug 2023/04/09 02:41:34 03637bad19d32eee8427a00f943e28cf7c95f125e6ea339abfbd4c922963432d
debug 2023/04/09 02:41:35 03637bad19d32eee8427a00f943e28cf7c95f125e6ea339abfbd4c922963432d
debug 2023/04/09 02:41:35 03637bad19d32eee8427a00f943e28cf7c95f125e6ea339abfbd4c922963432d
debug 2023/04/09 02:41:35 03637bad19d32eee8427a00f943e28cf7c95f125e6ea339abfbd4c922963432d
debug 2023/04/09 02:41:35 03637bad19d32eee8427a00f943e28cf7c95f125e6ea339abfbd4c922963432d
debug 2023/04/09 02:41:35 03637bad19d32eee8427a00f943e28cf7c95f125e6ea339abfbd4c922963432d
debug 2023/04/09 02:41:35 03637bad19d32eee8427a00f943e28cf7c95f125e6ea339abfbd4c922963432d
debug 2023/04/09 02:41:35 03637bad19d32eee8427a00f943e28cf7c95f125e6ea339abfbd4c922963432d
debug 2023/04/09 02:41:35 03637bad19d32eee8427a00f943e28cf7c95f125e6ea339abfbd4c922963432d
debug 2023/04/09 02:41:35 03637bad19d32eee8427a00f943e28cf7c95f125e6ea339abfbd4c922963432d
debug 2023/04/09 02:41:35 03637bad19d32eee8427a00f943e28cf7c95f125e6ea339abfbd4c922963432d
debug 2023/04/09 02:41:35 03637bad19d32eee8427a00f943e28cf7c95f125e6ea339abfbd4c922963432d
debug 2023/04/09 02:41:35 03637bad19d32eee8427a00f943e28cf7c95f125e6ea339abfbd4c922963432d
debug 2023/04/09 02:41:35 03637bad19d32eee8427a00f943e28cf7c95f125e6ea339abfbd4c922963432d
debug 2023/04/09 02:41:35 03637bad19d32eee8427a00f943e28cf7c95f125e6ea339abfbd4c922963432d
debug 2023/04/09 02:41:35 03637bad19d32eee8427a00f943e28cf7c95f125e6ea339abfbd4c922963432d
debug 2023/04/09 02:41:35 03637bad19d32eee8427a00f943e28cf7c95f125e6ea339abfbd4c922963432d
debug 2023/04/09 02:41:35 03637bad19d32eee8427a00f943e28cf7c95f125e6ea339abfbd4c922963432d
debug 2023/04/09 02:41:35 03637bad19d32eee8427a00f943e28cf7c95f125e6ea339abfbd4c922963432d
debug 2023/04/09 02:41:35 03637bad19d32eee8427a00f943e28cf7c95f125e6ea339abfbd4c922963432d
debug 2023/04/09 02:41:35 03637bad19d32eee8427a00f943e28cf7c95f125e6ea339abfbd4c922963432d
debug 2023/04/09 02:41:35 03637bad19d32eee8427a00f943e28cf7c95f125e6ea339abfbd4c922963432d
debug 2023/04/09 02:41:35 03637bad19d32eee8427a00f943e28cf7c95f125e6ea339abfbd4c922963432d
debug 2023/04/09 02:41:35 03637bad19d32eee8427a00f943e28cf7c95f125e6ea339abfbd4c922963432d
debug 2023/04/09 02:41:35 03637bad19d32eee8427a00f943e28cf7c95f125e6ea339abfbd4c922963432d
debug 2023/04/09 02:41:35 03637bad19d32eee8427a00f943e28cf7c95f125e6ea339abfbd4c922963432d
debug 2023/04/09 02:41:35 03637bad19d32eee8427a00f943e28cf7c95f125e6ea339abfbd4c922963432d
debug 2023/04/09 02:41:35 03637bad19d32eee8427a00f943e28cf7c95f125e6ea339abfbd4c922963432d
debug 2023/04/09 02:41:35 03637bad19d32eee8427a00f943e28cf7c95f125e6ea339abfbd4c922963432d
debug 2023/04/09 02:41:36 03637bad19d32eee8427a00f943e28cf7c95f125e6ea339abfbd4c922963432d
debug 2023/04/09 02:41:36 03637bad19d32eee8427a00f943e28cf7c95f125e6ea339abfbd4c922963432d
debug 2023/04/09 02:41:36 03637bad19d32eee8427a00f943e28cf7c95f125e6ea339abfbd4c922963432d
debug 2023/04/09 02:41:36 03637bad19d32eee8427a00f943e28cf7c95f125e6ea339abfbd4c922963432d
debug 2023/04/09 02:41:36 03637bad19d32eee8427a00f943e28cf7c95f125e6ea339abfbd4c922963432d
debug 2023/04/09 02:41:36 03637bad19d32eee8427a00f943e28cf7c95f125e6ea339abfbd4c922963432d
debug 2023/04/09 02:41:36 03637bad19d32eee8427a00f943e28cf7c95f125e6ea339abfbd4c922963432d
debug 2023/04/09 02:41:36 03637bad19d32eee8427a00f943e28cf7c95f125e6ea339abfbd4c922963432d
debug 2023/04/09 02:41:36 03637bad19d32eee8427a00f943e28cf7c95f125e6ea339abfbd4c922963432d
debug 2023/04/09 02:41:36 03637bad19d32eee8427a00f943e28cf7c95f125e6ea339abfbd4c922963432d
debug 2023/04/09 02:41:36 03637bad19d32eee8427a00f943e28cf7c95f125e6ea339abfbd4c922963432d
debug 2023/04/09 02:41:36 03637bad19d32eee8427a00f943e28cf7c95f125e6ea339abfbd4c922963432d
debug 2023/04/09 02:41:36 03637bad19d32eee8427a00f943e28cf7c95f125e6ea339abfbd4c922963432d
debug 2023/04/09 02:41:36 03637bad19d32eee8427a00f943e28cf7c95f125e6ea339abfbd4c922963432d
debug 2023/04/09 02:41:36 03637bad19d32eee8427a00f943e28cf7c95f125e6ea339abfbd4c922963432d
debug 2023/04/09 02:41:36 03637bad19d32eee8427a00f943e28cf7c95f125e6ea339abfbd4c922963432d
debug 2023/04/09 02:41:36 03637bad19d32eee8427a00f943e28cf7c95f125e6ea339abfbd4c922963432d
debug 2023/04/09 02:41:36 03637bad19d32eee8427a00f943e28cf7c95f125e6ea339abfbd4c922963432d
debug 2023/04/09 02:41:36 03637bad19d32eee8427a00f943e28cf7c95f125e6ea339abfbd4c922963432d
debug 2023/04/09 02:41:36 03637bad19d32eee8427a00f943e28cf7c95f125e6ea339abfbd4c922963432d
debug 2023/04/09 02:41:36 03637bad19d32eee8427a00f943e28cf7c95f125e6ea339abfbd4c922963432d
debug 2023/04/09 02:41:36 03637bad19d32eee8427a00f943e28cf7c95f125e6ea339abfbd4c922963432d
debug 2023/04/09 02:41:36 03637bad19d32eee8427a00f943e28cf7c95f125e6ea339abfbd4c922963432d
debug 2023/04/09 02:41:36 03637bad19d32eee8427a00f943e28cf7c95f125e6ea339abfbd4c922963432d
debug 2023/04/09 02:41:36 03637bad19d32eee8427a00f943e28cf7c95f125e6ea339abfbd4c922963432d
debug 2023/04/09 02:41:36 03637bad19d32eee8427a00f943e28cf7c95f125e6ea339abfbd4c922963432d
debug 2023/04/09 02:41:36 03637bad19d32eee8427a00f943e28cf7c95f125e6ea339abfbd4c922963432d
debug 2023/04/09 02:41:36 03637bad19d32eee8427a00f943e28cf7c95f125e6ea339abfbd4c922963432d
debug 2023/04/09 02:41:36 03637bad19d32eee8427a00f943e28cf7c95f125e6ea339abfbd4c922963432d
debug 2023/04/09 02:41:36 03637bad19d32eee8427a00f943e28cf7c95f125e6ea339abfbd4c922963432d
debug 2023/04/09 02:41:36 03637bad19d32eee8427a00f943e28cf7c95f125e6ea339abfbd4c922963432d
debug 2023/04/09 02:41:36 03637bad19d32eee8427a00f943e28cf7c95f125e6ea339abfbd4c922963432d
debug 2023/04/09 02:43:25 npub15e33vf8dx0k0ea22w4qzayc7r8xg07y7h3x7c39glxu8vf96rghs65uz8m
debug 2023/04/09 02:43:25 npub1kwcatqynqmry9d78a8cpe7d882wu3vmrgcmhvdsayhwqjf7mp25qpqf3xx
debug 2023/04/09 02:43:25 npub1p2ppegcr9j875e2d76vzn9za9s3rd6npgvde8d5cwjza8c80en3sj72l43
debug 2023/04/09 02:43:25 npub1gm7tuvr9atc6u7q3gevjfeyfyvmrlul4y67k7u7hcxztz67ceexs078rf6
debug 2023/04/09 02:43:25 npub15e33vf8dx0k0ea22w4qzayc7r8xg07y7h3x7c39glxu8vf96rghs65uz8m
debug 2023/04/09 02:43:25 npub1kwcatqynqmry9d78a8cpe7d882wu3vmrgcmhvdsayhwqjf7mp25qpqf3xx
debug 2023/04/09 02:43:25 npub1p2ppegcr9j875e2d76vzn9za9s3rd6npgvde8d5cwjza8c80en3sj72l43
debug 2023/04/09 02:43:25 npub1gm7tuvr9atc6u7q3gevjfeyfyvmrlul4y67k7u7hcxztz67ceexs078rf6
debug 2023/04/09 02:43:25 npub15e33vf8dx0k0ea22w4qzayc7r8xg07y7h3x7c39glxu8vf96rghs65uz8m
debug 2023/04/09 02:43:25 npub1kwcatqynqmry9d78a8cpe7d882wu3vmrgcmhvdsayhwqjf7mp25qpqf3xx
debug 2023/04/09 02:43:25 npub1p2ppegcr9j875e2d76vzn9za9s3rd6npgvde8d5cwjza8c80en3sj72l43
debug 2023/04/09 02:43:25 npub1gm7tuvr9atc6u7q3gevjfeyfyvmrlul4y67k7u7hcxztz67ceexs078rf6
debug 2023/04/09 02:43:25 npub15e33vf8dx0k0ea22w4qzayc7r8xg07y7h3x7c39glxu8vf96rghs65uz8m
debug 2023/04/09 02:43:25 npub1kwcatqynqmry9d78a8cpe7d882wu3vmrgcmhvdsayhwqjf7mp25qpqf3xx
debug 2023/04/09 02:43:25 npub1p2ppegcr9j875e2d76vzn9za9s3rd6npgvde8d5cwjza8c80en3sj72l43
debug 2023/04/09 02:43:25 npub1gm7tuvr9atc6u7q3gevjfeyfyvmrlul4y67k7u7hcxztz67ceexs078rf6
debug 2023/04/09 02:43:25 npub15e33vf8dx0k0ea22w4qzayc7r8xg07y7h3x7c39glxu8vf96rghs65uz8m
debug 2023/04/09 02:43:25 npub1kwcatqynqmry9d78a8cpe7d882wu3vmrgcmhvdsayhwqjf7mp25qpqf3xx
debug 2023/04/09 02:43:25 npub1p2ppegcr9j875e2d76vzn9za9s3rd6npgvde8d5cwjza8c80en3sj72l43
debug 2023/04/09 02:43:25 npub1gm7tuvr9atc6u7q3gevjfeyfyvmrlul4y67k7u7hcxztz67ceexs078rf6
debug 2023/04/09 02:43:26 npub15e33vf8dx0k0ea22w4qzayc7r8xg07y7h3x7c39glxu8vf96rghs65uz8m
debug 2023/04/09 02:43:26 npub1kwcatqynqmry9d78a8cpe7d882wu3vmrgcmhvdsayhwqjf7mp25qpqf3xx
debug 2023/04/09 02:43:26 npub1p2ppegcr9j875e2d76vzn9za9s3rd6npgvde8d5cwjza8c80en3sj72l43
debug 2023/04/09 02:43:26 npub1gm7tuvr9atc6u7q3gevjfeyfyvmrlul4y67k7u7hcxztz67ceexs078rf6
debug 2023/04/09 02:43:26 npub15e33vf8dx0k0ea22w4qzayc7r8xg07y7h3x7c39glxu8vf96rghs65uz8m
debug 2023/04/09 02:43:26 npub1kwcatqynqmry9d78a8cpe7d882wu3vmrgcmhvdsayhwqjf7mp25qpqf3xx
debug 2023/04/09 02:43:26 npub1p2ppegcr9j875e2d76vzn9za9s3rd6npgvde8d5cwjza8c80en3sj72l43
debug 2023/04/09 02:43:26 npub1gm7tuvr9atc6u7q3gevjfeyfyvmrlul4y67k7u7hcxztz67ceexs078rf6
debug 2023/04/09 02:43:26 npub15e33vf8dx0k0ea22w4qzayc7r8xg07y7h3x7c39glxu8vf96rghs65uz8m
debug 2023/04/09 02:43:26 npub1kwcatqynqmry9d78a8cpe7d882wu3vmrgcmhvdsayhwqjf7mp25qpqf3xx
debug 2023/04/09 02:43:26 npub1p2ppegcr9j875e2d76vzn9za9s3rd6npgvde8d5cwjza8c80en3sj72l43
debug 2023/04/09 02:43:26 npub1gm7tuvr9atc6u7q3gevjfeyfyvmrlul4y67k7u7hcxztz67ceexs078rf6
debug 2023/04/09 02:43:26 npub15e33vf8dx0k0ea22w4qzayc7r8xg07y7h3x7c39glxu8vf96rghs65uz8m
debug 2023/04/09 02:43:26 npub1kwcatqynqmry9d78a8cpe7d882wu3vmrgcmhvdsayhwqjf7mp25qpqf3xx
debug 2023/04/09 02:43:26 npub1p2ppegcr9j875e2d76vzn9za9s3rd6npgvde8d5cwjza8c80en3sj72l43
debug 2023/04/09 02:43:26 npub1gm7tuvr9atc6u7q3gevjfeyfyvmrlul4y67k7u7hcxztz67ceexs078rf6
debug 2023/04/09 02:43:26 npub15e33vf8dx0k0ea22w4qzayc7r8xg07y7h3x7c39glxu8vf96rghs65uz8m
debug 2023/04/09 02:43:26 npub1kwcatqynqmry9d78a8cpe7d882wu3vmrgcmhvdsayhwqjf7mp25qpqf3xx
debug 2023/04/09 02:43:26 npub1p2ppegcr9j875e2d76vzn9za9s3rd6npgvde8d5cwjza8c80en3sj72l43
debug 2023/04/09 02:43:26 npub1gm7tuvr9atc6u7q3gevjfeyfyvmrlul4y67k7u7hcxztz67ceexs078rf6
debug 2023/04/09 02:43:26 npub15e33vf8dx0k0ea22w4qzayc7r8xg07y7h3x7c39glxu8vf96rghs65uz8m
debug 2023/04/09 02:43:26 npub1kwcatqynqmry9d78a8cpe7d882wu3vmrgcmhvdsayhwqjf7mp25qpqf3xx
debug 2023/04/09 02:43:26 npub1p2ppegcr9j875e2d76vzn9za9s3rd6npgvde8d5cwjza8c80en3sj72l43
debug 2023/04/09 02:43:26 npub1gm7tuvr9atc6u7q3gevjfeyfyvmrlul4y67k7u7hcxztz67ceexs078rf6
debug 2023/04/09 02:43:26 npub15e33vf8dx0k0ea22w4qzayc7r8xg07y7h3x7c39glxu8vf96rghs65uz8m
debug 2023/04/09 02:43:26 npub1kwcatqynqmry9d78a8cpe7d882wu3vmrgcmhvdsayhwqjf7mp25qpqf3xx
debug 2023/04/09 02:43:26 npub1p2ppegcr9j875e2d76vzn9za9s3rd6npgvde8d5cwjza8c80en3sj72l43
debug 2023/04/09 02:43:26 npub1gm7tuvr9atc6u7q3gevjfeyfyvmrlul4y67k7u7hcxztz67ceexs078rf6
debug 2023/04/09 02:43:27 npub15e33vf8dx0k0ea22w4qzayc7r8xg07y7h3x7c39glxu8vf96rghs65uz8m
debug 2023/04/09 02:43:27 npub1kwcatqynqmry9d78a8cpe7d882wu3vmrgcmhvdsayhwqjf7mp25qpqf3xx
debug 2023/04/09 02:43:27 npub1p2ppegcr9j875e2d76vzn9za9s3rd6npgvde8d5cwjza8c80en3sj72l43
debug 2023/04/09 02:43:27 npub1gm7tuvr9atc6u7q3gevjfeyfyvmrlul4y67k7u7hcxztz67ceexs078rf6
debug 2023/04/09 02:43:27 npub15e33vf8dx0k0ea22w4qzayc7r8xg07y7h3x7c39glxu8vf96rghs65uz8m
debug 2023/04/09 02:43:27 npub1kwcatqynqmry9d78a8cpe7d882wu3vmrgcmhvdsayhwqjf7mp25qpqf3xx
debug 2023/04/09 02:43:27 npub1p2ppegcr9j875e2d76vzn9za9s3rd6npgvde8d5cwjza8c80en3sj72l43
debug 2023/04/09 02:43:27 npub1gm7tuvr9atc6u7q3gevjfeyfyvmrlul4y67k7u7hcxztz67ceexs078rf6
debug 2023/04/09 02:43:27 npub15e33vf8dx0k0ea22w4qzayc7r8xg07y7h3x7c39glxu8vf96rghs65uz8m
debug 2023/04/09 02:43:27 npub1kwcatqynqmry9d78a8cpe7d882wu3vmrgcmhvdsayhwqjf7mp25qpqf3xx
debug 2023/04/09 02:43:27 npub1p2ppegcr9j875e2d76vzn9za9s3rd6npgvde8d5cwjza8c80en3sj72l43
debug 2023/04/09 02:43:27 npub1gm7tuvr9atc6u7q3gevjfeyfyvmrlul4y67k7u7hcxztz67ceexs078rf6
debug 2023/04/09 02:43:27 npub15e33vf8dx0k0ea22w4qzayc7r8xg07y7h3x7c39glxu8vf96rghs65uz8m
debug 2023/04/09 02:43:27 npub1kwcatqynqmry9d78a8cpe7d882wu3vmrgcmhvdsayhwqjf7mp25qpqf3xx
debug 2023/04/09 02:43:27 npub1p2ppegcr9j875e2d76vzn9za9s3rd6npgvde8d5cwjza8c80en3sj72l43
debug 2023/04/09 02:43:27 npub1gm7tuvr9atc6u7q3gevjfeyfyvmrlul4y67k7u7hcxztz67ceexs078rf6
debug 2023/04/09 02:43:27 npub15e33vf8dx0k0ea22w4qzayc7r8xg07y7h3x7c39glxu8vf96rghs65uz8m
debug 2023/04/09 02:43:27 npub1kwcatqynqmry9d78a8cpe7d882wu3vmrgcmhvdsayhwqjf7mp25qpqf3xx
debug 2023/04/09 02:43:27 npub1p2ppegcr9j875e2d76vzn9za9s3rd6npgvde8d5cwjza8c80en3sj72l43
debug 2023/04/09 02:43:27 npub1gm7tuvr9atc6u7q3gevjfeyfyvmrlul4y67k7u7hcxztz67ceexs078rf6
debug 2023/04/09 02:43:27 npub15e33vf8dx0k0ea22w4qzayc7r8xg07y7h3x7c39glxu8vf96rghs65uz8m
debug 2023/04/09 02:43:27 npub1kwcatqynqmry9d78a8cpe7d882wu3vmrgcmhvdsayhwqjf7mp25qpqf3xx
debug 2023/04/09 02:43:27 npub1p2ppegcr9j875e2d76vzn9za9s3rd6npgvde8d5cwjza8c80en3sj72l43
debug 2023/04/09 02:43:27 npub1gm7tuvr9atc6u7q3gevjfeyfyvmrlul4y67k7u7hcxztz67ceexs078rf6
debug 2023/04/09 02:43:27 npub15e33vf8dx0k0ea22w4qzayc7r8xg07y7h3x7c39glxu8vf96rghs65uz8m
debug 2023/04/09 02:43:27 npub1kwcatqynqmry9d78a8cpe7d882wu3vmrgcmhvdsayhwqjf7mp25qpqf3xx
debug 2023/04/09 02:43:27 npub1p2ppegcr9j875e2d76vzn9za9s3rd6npgvde8d5cwjza8c80en3sj72l43
debug 2023/04/09 02:43:27 npub1gm7tuvr9atc6u7q3gevjfeyfyvmrlul4y67k7u7hcxztz67ceexs078rf6
debug 2023/04/09 02:43:28 npub15e33vf8dx0k0ea22w4qzayc7r8xg07y7h3x7c39glxu8vf96rghs65uz8m
debug 2023/04/09 02:43:28 npub1kwcatqynqmry9d78a8cpe7d882wu3vmrgcmhvdsayhwqjf7mp25qpqf3xx
debug 2023/04/09 02:43:28 npub1p2ppegcr9j875e2d76vzn9za9s3rd6npgvde8d5cwjza8c80en3sj72l43
debug 2023/04/09 02:43:28 npub1gm7tuvr9atc6u7q3gevjfeyfyvmrlul4y67k7u7hcxztz67ceexs078rf6
debug 2023/04/09 02:43:28 npub15e33vf8dx0k0ea22w4qzayc7r8xg07y7h3x7c39glxu8vf96rghs65uz8m
debug 2023/04/09 02:43:28 npub1kwcatqynqmry9d78a8cpe7d882wu3vmrgcmhvdsayhwqjf7mp25qpqf3xx
debug 2023/04/09 02:43:28 npub1p2ppegcr9j875e2d76vzn9za9s3rd6npgvde8d5cwjza8c80en3sj72l43
debug 2023/04/09 02:43:28 npub1gm7tuvr9atc6u7q3gevjfeyfyvmrlul4y67k7u7hcxztz67ceexs078rf6
